# JRE version: Java(TM) SE Runtime Environment (8.0_181-b13) (build 1.8.0_181-b13)
# Java VM: Java HotSpot(TM) 64-Bit Server VM (25.181-b13 mixed mode windows-amd64 compressed oops)
Heap:
 PSYoungGen      total 204800K, used 165719K [0x0000000780800000, 0x0000000791800000, 0x00000007c0000000)
  eden space 196608K, 84% used [0x0000000780800000,0x000000078a9d5c50,0x000000078c800000)
  from space 8192K, 0% used [0x000000078c800000,0x000000078c800000,0x000000078d000000)
  to   space 15872K, 0% used [0x0000000790880000,0x0000000790880000,0x0000000791800000)
 ParOldGen       total 120320K, used 19741K [0x0000000701800000, 0x0000000708d80000, 0x0000000780800000)
  object space 120320K, 16% used [0x0000000701800000,0x0000000702b47528,0x0000000708d80000)
 Metaspace       used 41728K, capacity 43470K, committed 43648K, reserved 1087488K
  class space    used 5356K, capacity 5673K, committed 5760K, reserved 1048576K
GC Heap History (10 events):
Event: 3.271 GC heap before
{Heap before GC invocations=3 (full 0):
 PSYoungGen      total 106496K, used 99504K [0x0000000780800000, 0x0000000787800000, 0x00000007c0000000)
  eden space 98304K, 95% used [0x0000000780800000,0x00000007863bb608,0x0000000786800000)
  from space 8192K, 68% used [0x0000000787000000,0x0000000787570b88,0x0000000787800000)
  to   space 8192K, 0% used [0x0000000786800000,0x0000000786800000,0x0000000787000000)
 ParOldGen       total 131072K, used 24K [0x0000000701800000, 0x0000000709800000, 0x0000000780800000)
  object space 131072K, 0% used [0x0000000701800000,0x0000000701806000,0x0000000709800000)
 Metaspace       used 20607K, capacity 21080K, committed 21248K, reserved 1067008K
  class space    used 2600K, capacity 2734K, committed 2816K, reserved 1048576K
Event: 3.304 GC heap after
Heap after GC invocations=3 (full 0):
 PSYoungGen      total 106496K, used 8189K [0x0000000780800000, 0x000000078d800000, 0x00000007c0000000)
  eden space 98304K, 0% used [0x0000000780800000,0x0000000780800000,0x0000000786800000)
  from space 8192K, 99% used [0x0000000786800000,0x0000000786fff6c8,0x0000000787000000)
  to   space 8192K, 0% used [0x000000078d000000,0x000000078d000000,0x000000078d800000)
 ParOldGen       total 131072K, used 1522K [0x0000000701800000, 0x0000000709800000, 0x0000000780800000)
  object space 131072K, 1% used [0x0000000701800000,0x000000070197ca80,0x0000000709800000)
 Metaspace       used 20607K, capacity 21080K, committed 21248K, reserved 1067008K
  class space    used 2600K, capacity 2734K, committed 2816K, reserved 1048576K
}
Event: 3.304 GC heap before
{Heap before GC invocations=4 (full 1):
 PSYoungGen      total 106496K, used 8189K [0x0000000780800000, 0x000000078d800000, 0x00000007c0000000)
  eden space 98304K, 0% used [0x0000000780800000,0x0000000780800000,0x0000000786800000)
  from space 8192K, 99% used [0x0000000786800000,0x0000000786fff6c8,0x0000000787000000)
  to   space 8192K, 0% used [0x000000078d000000,0x000000078d000000,0x000000078d800000)
 ParOldGen       total 131072K, used 1522K [0x0000000701800000, 0x0000000709800000, 0x0000000780800000)
  object space 131072K, 1% used [0x0000000701800000,0x000000070197ca80,0x0000000709800000)
 Metaspace       used 20607K, capacity 21080K, committed 21248K, reserved 1067008K
  class space    used 2600K, capacity 2734K, committed 2816K, reserved 1048576K
Event: 3.382 GC heap after
Heap after GC invocations=4 (full 1):
 PSYoungGen      total 106496K, used 0K [0x0000000780800000, 0x000000078d800000, 0x00000007c0000000)
  eden space 98304K, 0% used [0x0000000780800000,0x0000000780800000,0x0000000786800000)
  from space 8192K, 0% used [0x0000000786800000,0x0000000786800000,0x0000000787000000)
  to   space 8192K, 0% used [0x000000078d000000,0x000000078d000000,0x000000078d800000)
 ParOldGen       total 76800K, used 9426K [0x0000000701800000, 0x0000000706300000, 0x0000000780800000)
  object space 76800K, 12% used [0x0000000701800000,0x00000007021349f0,0x0000000706300000)
 Metaspace       used 20606K, capacity 21074K, committed 21248K, reserved 1067008K
  class space    used 2600K, capacity 2733K, committed 2816K, reserved 1048576K
}
Event: 4.726 GC heap before
{Heap before GC invocations=5 (full 1):
 PSYoungGen      total 106496K, used 98304K [0x0000000780800000, 0x000000078d800000, 0x00000007c0000000)
  eden space 98304K, 100% used [0x0000000780800000,0x0000000786800000,0x0000000786800000)
  from space 8192K, 0% used [0x0000000786800000,0x0000000786800000,0x0000000787000000)
  to   space 8192K, 0% used [0x000000078d000000,0x000000078d000000,0x000000078d800000)
 ParOldGen       total 76800K, used 9426K [0x0000000701800000, 0x0000000706300000, 0x0000000780800000)
  object space 76800K, 12% used [0x0000000701800000,0x00000007021349f0,0x0000000706300000)
 Metaspace       used 26459K, capacity 27292K, committed 27392K, reserved 1073152K
  class space    used 3382K, capacity 3574K, committed 3584K, reserved 1048576K
Event: 4.737 GC heap after
Heap after GC invocations=5 (full 1):
 PSYoungGen      total 166912K, used 8191K [0x0000000780800000, 0x000000078d800000, 0x00000007c0000000)
  eden space 158720K, 0% used [0x0000000780800000,0x0000000780800000,0x000000078a300000)
  from space 8192K, 99% used [0x000000078d000000,0x000000078d7ffdc0,0x000000078d800000)
  to   space 8192K, 0% used [0x000000078c800000,0x000000078c800000,0x000000078d000000)
 ParOldGen       total 76800K, used 9434K [0x0000000701800000, 0x0000000706300000, 0x0000000780800000)
  object space 76800K, 12% used [0x0000000701800000,0x00000007021369f0,0x0000000706300000)
 Metaspace       used 26459K, capacity 27292K, committed 27392K, reserved 1073152K
  class space    used 3382K, capacity 3574K, committed 3584K, reserved 1048576K
}
Event: 8.992 GC heap before
{Heap before GC invocations=6 (full 1):
 PSYoungGen      total 166912K, used 151953K [0x0000000780800000, 0x000000078d800000, 0x00000007c0000000)
  eden space 158720K, 90% used [0x0000000780800000,0x00000007894649e8,0x000000078a300000)
  from space 8192K, 99% used [0x000000078d000000,0x000000078d7ffdc0,0x000000078d800000)
  to   space 8192K, 0% used [0x000000078c800000,0x000000078c800000,0x000000078d000000)
 ParOldGen       total 76800K, used 9434K [0x0000000701800000, 0x0000000706300000, 0x0000000780800000)
  object space 76800K, 12% used [0x0000000701800000,0x00000007021369f0,0x0000000706300000)
 Metaspace       used 34100K, capacity 35384K, committed 35416K, reserved 1081344K
  class space    used 4345K, capacity 4608K, committed 4608K, reserved 1048576K
Event: 9.011 GC heap after
Heap after GC invocations=6 (full 1):
 PSYoungGen      total 204800K, used 8167K [0x0000000780800000, 0x0000000791800000, 0x00000007c0000000)
  eden space 196608K, 0% used [0x0000000780800000,0x0000000780800000,0x000000078c800000)
  from space 8192K, 99% used [0x000000078c800000,0x000000078cff9cf0,0x000000078d000000)
  to   space 15872K, 0% used [0x0000000790880000,0x0000000790880000,0x0000000791800000)
 ParOldGen       total 76800K, used 16761K [0x0000000701800000, 0x0000000706300000, 0x0000000780800000)
  object space 76800K, 21% used [0x0000000701800000,0x000000070285e478,0x0000000706300000)
 Metaspace       used 34100K, capacity 35384K, committed 35416K, reserved 1081344K
  class space    used 4345K, capacity 4608K, committed 4608K, reserved 1048576K
}
Event: 9.011 GC heap before
{Heap before GC invocations=7 (full 2):
 PSYoungGen      total 204800K, used 8167K [0x0000000780800000, 0x0000000791800000, 0x00000007c0000000)
  eden space 196608K, 0% used [0x0000000780800000,0x0000000780800000,0x000000078c800000)
  from space 8192K, 99% used [0x000000078c800000,0x000000078cff9cf0,0x000000078d000000)
  to   space 15872K, 0% used [0x0000000790880000,0x0000000790880000,0x0000000791800000)
 ParOldGen       total 76800K, used 16761K [0x0000000701800000, 0x0000000706300000, 0x0000000780800000)
  object space 76800K, 21% used [0x0000000701800000,0x000000070285e478,0x0000000706300000)
 Metaspace       used 34100K, capacity 35384K, committed 35416K, reserved 1081344K
  class space    used 4345K, capacity 4608K, committed 4608K, reserved 1048576K
Event: 9.128 GC heap after
Heap after GC invocations=7 (full 2):
 PSYoungGen      total 204800K, used 0K [0x0000000780800000, 0x0000000791800000, 0x00000007c0000000)
  eden space 196608K, 0% used [0x0000000780800000,0x0000000780800000,0x000000078c800000)
  from space 8192K, 0% used [0x000000078c800000,0x000000078c800000,0x000000078d000000)
  to   space 15872K, 0% used [0x0000000790880000,0x0000000790880000,0x0000000791800000)
 ParOldGen       total 120320K, used 19741K [0x0000000701800000, 0x0000000708d80000, 0x0000000780800000)
  object space 120320K, 16% used [0x0000000701800000,0x0000000702b47528,0x0000000708d80000)
 Metaspace       used 34100K, capacity 35384K, committed 35416K, reserved 1081344K
  class space    used 4345K, capacity 4608K, committed 4608K, reserved 1048576K
}

